日志...
2020/4/29 20:47:30  加载主窗口配置文件成功
2020/4/29 20:47:30  加载截图配置文件成功
2020/4/29 20:47:30  获取钉钉路径成功
2020/4/29 20:47:30  正在打开钉钉...
2020/4/29 20:47:35  已找到钉钉进程
2020/4/29 20:47:35  请不要移动钉钉窗口，否则会造成识别失败
2020/4/29 20:47:35  已找到钉钉窗口句柄
2020/4/29 20:47:38  正在检测是否正在直播...
2020/4/29 20:47:38  第1次检测中...
2020/4/29 20:47:41  第2次检测中...
2020/4/29 20:47:44  第3次检测中...
2020/4/29 20:47:47  第4次检测中...
2020/4/29 20:47:50  第5次检测中...
2020/4/29 20:47:53  第6次检测中...
2020/4/29 20:47:56  第7次检测中...
2020/4/29 20:47:59  第8次检测中...
2020/4/29 20:48:01  正在中止线程。
2020/4/29 20:48:03  删除自定义截图文件成功
2020/4/29 20:48:30  获取钉钉路径成功
2020/4/29 20:48:30  正在打开钉钉...
2020/4/29 20:48:36  已找到钉钉进程
2020/4/29 20:48:36  请不要移动钉钉窗口，否则会造成识别失败
2020/4/29 20:48:36  已找到钉钉窗口句柄
2020/4/29 20:48:38  正在检测是否正在直播...
2020/4/29 20:48:38  第1次检测中...
2020/4/29 20:48:41  第2次检测中...
2020/4/29 20:48:44  第3次检测中...
2020/4/29 20:48:47  第4次检测中...
2020/4/29 20:48:47  GDI+ 中发生一般性错误。
